2011-10-16 00:20:53 Notice: Notice (1024): Please change the value of 'Security.salt' in app/config/core.php to a salt value specific to your application in [/home/leo/domains/supportic.us/cake/libs/debugger.php, line 694]
2011-10-16 00:20:53 Notice: Notice (1024): Please change the value of 'Security.cipherSeed' in app/config/core.php to a numeric (digits only) seed value specific to your application in [/home/leo/domains/supportic.us/cake/libs/debugger.php, line 698]
2011-10-16 00:23:54 Notice: Notice (1024): Please change the value of 'Security.salt' in app/config/core.php to a salt value specific to your application in [/home/leo/domains/supportic.us/cake/libs/debugger.php, line 694]
2011-10-16 00:23:54 Notice: Notice (1024): Please change the value of 'Security.cipherSeed' in app/config/core.php to a numeric (digits only) seed value specific to your application in [/home/leo/domains/supportic.us/cake/libs/debugger.php, line 698]
2011-10-16 00:23:56 Notice: Notice (1024): Please change the value of 'Security.salt' in app/config/core.php to a salt value specific to your application in [/home/leo/domains/supportic.us/cake/libs/debugger.php, line 694]
2011-10-16 00:23:56 Notice: Notice (1024): Please change the value of 'Security.cipherSeed' in app/config/core.php to a numeric (digits only) seed value specific to your application in [/home/leo/domains/supportic.us/cake/libs/debugger.php, line 698]
2011-10-16 00:23:59 Notice: Notice (1024): Please change the value of 'Security.salt' in app/config/core.php to a salt value specific to your application in [/home/leo/domains/supportic.us/cake/libs/debugger.php, line 694]
2011-10-16 00:23:59 Notice: Notice (1024): Please change the value of 'Security.cipherSeed' in app/config/core.php to a numeric (digits only) seed value specific to your application in [/home/leo/domains/supportic.us/cake/libs/debugger.php, line 698]
2011-10-16 00:24:22 Notice: Notice (1024): Please change the value of 'Security.salt' in app/config/core.php to a salt value specific to your application in [/home/leo/domains/supportic.us/cake/libs/debugger.php, line 694]
2011-10-16 00:24:22 Notice: Notice (1024): Please change the value of 'Security.cipherSeed' in app/config/core.php to a numeric (digits only) seed value specific to your application in [/home/leo/domains/supportic.us/cake/libs/debugger.php, line 698]
2011-10-16 00:27:45 Notice: Notice (1024): Please change the value of 'Security.salt' in app/config/core.php to a salt value specific to your application in [/home/leo/domains/supportic.us/cake/libs/debugger.php, line 694]
2011-10-16 00:27:45 Notice: Notice (1024): Please change the value of 'Security.cipherSeed' in app/config/core.php to a numeric (digits only) seed value specific to your application in [/home/leo/domains/supportic.us/cake/libs/debugger.php, line 698]
2011-10-16 00:27:59 Notice: Notice (1024): Please change the value of 'Security.salt' in app/config/core.php to a salt value specific to your application in [/home/leo/domains/supportic.us/cake/libs/debugger.php, line 694]
2011-10-16 00:27:59 Notice: Notice (1024): Please change the value of 'Security.cipherSeed' in app/config/core.php to a numeric (digits only) seed value specific to your application in [/home/leo/domains/supportic.us/cake/libs/debugger.php, line 698]
2011-10-16 00:28:00 Notice: Notice (1024): Please change the value of 'Security.salt' in app/config/core.php to a salt value specific to your application in [/home/leo/domains/supportic.us/cake/libs/debugger.php, line 694]
2011-10-16 00:28:00 Notice: Notice (1024): Please change the value of 'Security.cipherSeed' in app/config/core.php to a numeric (digits only) seed value specific to your application in [/home/leo/domains/supportic.us/cake/libs/debugger.php, line 698]
2011-10-16 00:28:07 Notice: Notice (1024): Please change the value of 'Security.salt' in app/config/core.php to a salt value specific to your application in [/home/leo/domains/supportic.us/cake/libs/debugger.php, line 694]
2011-10-16 00:28:07 Notice: Notice (1024): Please change the value of 'Security.cipherSeed' in app/config/core.php to a numeric (digits only) seed value specific to your application in [/home/leo/domains/supportic.us/cake/libs/debugger.php, line 698]
2011-10-16 00:30:04 Notice: Notice (1024): Please change the value of 'Security.salt' in app/config/core.php to a salt value specific to your application in [/home/leo/domains/supportic.us/cake/libs/debugger.php, line 694]
2011-10-16 00:30:04 Notice: Notice (1024): Please change the value of 'Security.cipherSeed' in app/config/core.php to a numeric (digits only) seed value specific to your application in [/home/leo/domains/supportic.us/cake/libs/debugger.php, line 698]
2011-10-16 00:34:47 Notice: Notice (1024): Please change the value of 'Security.salt' in app/config/core.php to a salt value specific to your application in [/home/leo/domains/supportic.us/cake/libs/debugger.php, line 694]
2011-10-16 00:34:47 Notice: Notice (1024): Please change the value of 'Security.cipherSeed' in app/config/core.php to a numeric (digits only) seed value specific to your application in [/home/leo/domains/supportic.us/cake/libs/debugger.php, line 698]
2011-10-16 00:53:50 Notice: Notice (1024): Please change the value of 'Security.salt' in app/config/core.php to a salt value specific to your application in [/home/leo/domains/supportic.us/cake/libs/debugger.php, line 694]
2011-10-16 00:53:50 Notice: Notice (1024): Please change the value of 'Security.cipherSeed' in app/config/core.php to a numeric (digits only) seed value specific to your application in [/home/leo/domains/supportic.us/cake/libs/debugger.php, line 698]
2011-10-16 01:02:04 Notice: Notice (1024): Please change the value of 'Security.salt' in app/config/core.php to a salt value specific to your application in [/home/leo/domains/supportic.us/cake/libs/debugger.php, line 694]
2011-10-16 01:02:04 Notice: Notice (1024): Please change the value of 'Security.cipherSeed' in app/config/core.php to a numeric (digits only) seed value specific to your application in [/home/leo/domains/supportic.us/cake/libs/debugger.php, line 698]
2011-10-16 01:04:27 Notice: Notice (1024): Please change the value of 'Security.salt' in app/config/core.php to a salt value specific to your application in [/home/leo/domains/supportic.us/cake/libs/debugger.php, line 694]
2011-10-16 01:04:27 Notice: Notice (1024): Please change the value of 'Security.cipherSeed' in app/config/core.php to a numeric (digits only) seed value specific to your application in [/home/leo/domains/supportic.us/cake/libs/debugger.php, line 698]
2011-10-16 01:09:57 Notice: Notice (1024): Please change the value of 'Security.salt' in app/config/core.php to a salt value specific to your application in [/home/leo/domains/supportic.us/cake/libs/debugger.php, line 694]
2011-10-16 01:09:57 Notice: Notice (1024): Please change the value of 'Security.cipherSeed' in app/config/core.php to a numeric (digits only) seed value specific to your application in [/home/leo/domains/supportic.us/cake/libs/debugger.php, line 698]
2011-10-16 01:09:59 Notice: Notice (1024): Please change the value of 'Security.salt' in app/config/core.php to a salt value specific to your application in [/home/leo/domains/supportic.us/cake/libs/debugger.php, line 694]
2011-10-16 01:09:59 Notice: Notice (1024): Please change the value of 'Security.cipherSeed' in app/config/core.php to a numeric (digits only) seed value specific to your application in [/home/leo/domains/supportic.us/cake/libs/debugger.php, line 698]
2011-10-16 01:10:02 Notice: Notice (1024): Please change the value of 'Security.salt' in app/config/core.php to a salt value specific to your application in [/home/leo/domains/supportic.us/cake/libs/debugger.php, line 694]
2011-10-16 01:10:02 Notice: Notice (1024): Please change the value of 'Security.cipherSeed' in app/config/core.php to a numeric (digits only) seed value specific to your application in [/home/leo/domains/supportic.us/cake/libs/debugger.php, line 698]
2011-10-16 01:10:23 Notice: Notice (1024): Please change the value of 'Security.salt' in app/config/core.php to a salt value specific to your application in [/home/leo/domains/supportic.us/cake/libs/debugger.php, line 694]
2011-10-16 01:10:23 Notice: Notice (1024): Please change the value of 'Security.cipherSeed' in app/config/core.php to a numeric (digits only) seed value specific to your application in [/home/leo/domains/supportic.us/cake/libs/debugger.php, line 698]
2011-10-16 01:12:25 Notice: Notice (1024): Please change the value of 'Security.salt' in app/config/core.php to a salt value specific to your application in [/home/leo/domains/supportic.us/cake/libs/debugger.php, line 694]
2011-10-16 01:12:25 Notice: Notice (1024): Please change the value of 'Security.cipherSeed' in app/config/core.php to a numeric (digits only) seed value specific to your application in [/home/leo/domains/supportic.us/cake/libs/debugger.php, line 698]
2011-10-16 01:12:30 Notice: Notice (1024): Please change the value of 'Security.salt' in app/config/core.php to a salt value specific to your application in [/home/leo/domains/supportic.us/cake/libs/debugger.php, line 694]
2011-10-16 01:12:30 Notice: Notice (1024): Please change the value of 'Security.cipherSeed' in app/config/core.php to a numeric (digits only) seed value specific to your application in [/home/leo/domains/supportic.us/cake/libs/debugger.php, line 698]
2011-10-16 01:12:34 Notice: Notice (1024): Please change the value of 'Security.salt' in app/config/core.php to a salt value specific to your application in [/home/leo/domains/supportic.us/cake/libs/debugger.php, line 694]
2011-10-16 01:12:34 Notice: Notice (1024): Please change the value of 'Security.cipherSeed' in app/config/core.php to a numeric (digits only) seed value specific to your application in [/home/leo/domains/supportic.us/cake/libs/debugger.php, line 698]
2011-10-16 01:12:50 Notice: Notice (1024): Please change the value of 'Security.salt' in app/config/core.php to a salt value specific to your application in [/home/leo/domains/supportic.us/cake/libs/debugger.php, line 694]
2011-10-16 01:12:50 Notice: Notice (1024): Please change the value of 'Security.cipherSeed' in app/config/core.php to a numeric (digits only) seed value specific to your application in [/home/leo/domains/supportic.us/cake/libs/debugger.php, line 698]
2011-10-16 01:13:19 Notice: Notice (1024): Please change the value of 'Security.salt' in app/config/core.php to a salt value specific to your application in [/home/leo/domains/supportic.us/cake/libs/debugger.php, line 694]
2011-10-16 01:13:19 Notice: Notice (1024): Please change the value of 'Security.cipherSeed' in app/config/core.php to a numeric (digits only) seed value specific to your application in [/home/leo/domains/supportic.us/cake/libs/debugger.php, line 698]
2011-10-16 01:13:20 Notice: Notice (1024): Please change the value of 'Security.salt' in app/config/core.php to a salt value specific to your application in [/home/leo/domains/supportic.us/cake/libs/debugger.php, line 694]
2011-10-16 01:13:20 Notice: Notice (1024): Please change the value of 'Security.cipherSeed' in app/config/core.php to a numeric (digits only) seed value specific to your application in [/home/leo/domains/supportic.us/cake/libs/debugger.php, line 698]
2011-10-16 01:13:25 Notice: Notice (1024): Please change the value of 'Security.salt' in app/config/core.php to a salt value specific to your application in [/home/leo/domains/supportic.us/cake/libs/debugger.php, line 694]
2011-10-16 01:13:25 Notice: Notice (1024): Please change the value of 'Security.cipherSeed' in app/config/core.php to a numeric (digits only) seed value specific to your application in [/home/leo/domains/supportic.us/cake/libs/debugger.php, line 698]
2011-10-16 01:13:28 Notice: Notice (1024): Please change the value of 'Security.salt' in app/config/core.php to a salt value specific to your application in [/home/leo/domains/supportic.us/cake/libs/debugger.php, line 694]
2011-10-16 01:13:28 Notice: Notice (1024): Please change the value of 'Security.cipherSeed' in app/config/core.php to a numeric (digits only) seed value specific to your application in [/home/leo/domains/supportic.us/cake/libs/debugger.php, line 698]
2011-10-16 01:14:29 Notice: Notice (1024): Please change the value of 'Security.salt' in app/config/core.php to a salt value specific to your application in [/home/leo/domains/supportic.us/cake/libs/debugger.php, line 694]
2011-10-16 01:14:29 Notice: Notice (1024): Please change the value of 'Security.cipherSeed' in app/config/core.php to a numeric (digits only) seed value specific to your application in [/home/leo/domains/supportic.us/cake/libs/debugger.php, line 698]
2011-10-16 01:15:18 Notice: Notice (1024): Please change the value of 'Security.salt' in app/config/core.php to a salt value specific to your application in [/home/leo/domains/supportic.us/cake/libs/debugger.php, line 694]
2011-10-16 01:15:18 Notice: Notice (1024): Please change the value of 'Security.cipherSeed' in app/config/core.php to a numeric (digits only) seed value specific to your application in [/home/leo/domains/supportic.us/cake/libs/debugger.php, line 698]
2011-10-16 01:15:19 Notice: Notice (1024): Please change the value of 'Security.salt' in app/config/core.php to a salt value specific to your application in [/home/leo/domains/supportic.us/cake/libs/debugger.php, line 694]
2011-10-16 01:15:19 Notice: Notice (1024): Please change the value of 'Security.cipherSeed' in app/config/core.php to a numeric (digits only) seed value specific to your application in [/home/leo/domains/supportic.us/cake/libs/debugger.php, line 698]
2011-10-16 01:16:26 Notice: Notice (1024): Please change the value of 'Security.salt' in app/config/core.php to a salt value specific to your application in [/home/leo/domains/supportic.us/cake/libs/debugger.php, line 694]
2011-10-16 01:16:26 Notice: Notice (1024): Please change the value of 'Security.cipherSeed' in app/config/core.php to a numeric (digits only) seed value specific to your application in [/home/leo/domains/supportic.us/cake/libs/debugger.php, line 698]
2011-10-16 01:16:27 Notice: Notice (1024): Please change the value of 'Security.salt' in app/config/core.php to a salt value specific to your application in [/home/leo/domains/supportic.us/cake/libs/debugger.php, line 694]
2011-10-16 01:16:27 Notice: Notice (1024): Please change the value of 'Security.cipherSeed' in app/config/core.php to a numeric (digits only) seed value specific to your application in [/home/leo/domains/supportic.us/cake/libs/debugger.php, line 698]
2011-10-16 01:16:30 Notice: Notice (1024): Please change the value of 'Security.salt' in app/config/core.php to a salt value specific to your application in [/home/leo/domains/supportic.us/cake/libs/debugger.php, line 694]
2011-10-16 01:16:30 Notice: Notice (1024): Please change the value of 'Security.cipherSeed' in app/config/core.php to a numeric (digits only) seed value specific to your application in [/home/leo/domains/supportic.us/cake/libs/debugger.php, line 698]
2011-10-16 01:17:24 Notice: Notice (1024): Please change the value of 'Security.salt' in app/config/core.php to a salt value specific to your application in [/home/leo/domains/supportic.us/cake/libs/debugger.php, line 694]
2011-10-16 01:17:24 Notice: Notice (1024): Please change the value of 'Security.cipherSeed' in app/config/core.php to a numeric (digits only) seed value specific to your application in [/home/leo/domains/supportic.us/cake/libs/debugger.php, line 698]
2011-10-16 01:20:27 Notice: Notice (1024): Please change the value of 'Security.salt' in app/config/core.php to a salt value specific to your application in [/home/leo/domains/supportic.us/cake/libs/debugger.php, line 694]
2011-10-16 01:20:27 Notice: Notice (1024): Please change the value of 'Security.cipherSeed' in app/config/core.php to a numeric (digits only) seed value specific to your application in [/home/leo/domains/supportic.us/cake/libs/debugger.php, line 698]
2011-10-16 01:20:31 Notice: Notice (1024): Please change the value of 'Security.salt' in app/config/core.php to a salt value specific to your application in [/home/leo/domains/supportic.us/cake/libs/debugger.php, line 694]
2011-10-16 01:20:31 Notice: Notice (1024): Please change the value of 'Security.cipherSeed' in app/config/core.php to a numeric (digits only) seed value specific to your application in [/home/leo/domains/supportic.us/cake/libs/debugger.php, line 698]
2011-10-16 01:20:46 Notice: Notice (1024): Please change the value of 'Security.salt' in app/config/core.php to a salt value specific to your application in [/home/leo/domains/supportic.us/cake/libs/debugger.php, line 694]
2011-10-16 01:20:46 Notice: Notice (1024): Please change the value of 'Security.cipherSeed' in app/config/core.php to a numeric (digits only) seed value specific to your application in [/home/leo/domains/supportic.us/cake/libs/debugger.php, line 698]
2011-10-16 01:20:51 Notice: Notice (1024): Please change the value of 'Security.salt' in app/config/core.php to a salt value specific to your application in [/home/leo/domains/supportic.us/cake/libs/debugger.php, line 694]
2011-10-16 01:20:51 Notice: Notice (1024): Please change the value of 'Security.cipherSeed' in app/config/core.php to a numeric (digits only) seed value specific to your application in [/home/leo/domains/supportic.us/cake/libs/debugger.php, line 698]
2011-10-16 01:20:53 Notice: Notice (1024): Please change the value of 'Security.salt' in app/config/core.php to a salt value specific to your application in [/home/leo/domains/supportic.us/cake/libs/debugger.php, line 694]
2011-10-16 01:20:53 Notice: Notice (1024): Please change the value of 'Security.cipherSeed' in app/config/core.php to a numeric (digits only) seed value specific to your application in [/home/leo/domains/supportic.us/cake/libs/debugger.php, line 698]
2011-10-16 01:20:54 Notice: Notice (1024): Please change the value of 'Security.salt' in app/config/core.php to a salt value specific to your application in [/home/leo/domains/supportic.us/cake/libs/debugger.php, line 694]
2011-10-16 01:20:54 Notice: Notice (1024): Please change the value of 'Security.cipherSeed' in app/config/core.php to a numeric (digits only) seed value specific to your application in [/home/leo/domains/supportic.us/cake/libs/debugger.php, line 698]
2011-10-16 01:20:54 Notice: Notice (1024): Please change the value of 'Security.salt' in app/config/core.php to a salt value specific to your application in [/home/leo/domains/supportic.us/cake/libs/debugger.php, line 694]
2011-10-16 01:20:54 Notice: Notice (1024): Please change the value of 'Security.cipherSeed' in app/config/core.php to a numeric (digits only) seed value specific to your application in [/home/leo/domains/supportic.us/cake/libs/debugger.php, line 698]
2011-10-16 01:20:55 Notice: Notice (1024): Please change the value of 'Security.salt' in app/config/core.php to a salt value specific to your application in [/home/leo/domains/supportic.us/cake/libs/debugger.php, line 694]
2011-10-16 01:20:55 Notice: Notice (1024): Please change the value of 'Security.cipherSeed' in app/config/core.php to a numeric (digits only) seed value specific to your application in [/home/leo/domains/supportic.us/cake/libs/debugger.php, line 698]
2011-10-16 01:20:55 Notice: Notice (1024): Please change the value of 'Security.salt' in app/config/core.php to a salt value specific to your application in [/home/leo/domains/supportic.us/cake/libs/debugger.php, line 694]
2011-10-16 01:20:55 Notice: Notice (1024): Please change the value of 'Security.cipherSeed' in app/config/core.php to a numeric (digits only) seed value specific to your application in [/home/leo/domains/supportic.us/cake/libs/debugger.php, line 698]
2011-10-16 01:20:56 Notice: Notice (1024): Please change the value of 'Security.salt' in app/config/core.php to a salt value specific to your application in [/home/leo/domains/supportic.us/cake/libs/debugger.php, line 694]
2011-10-16 01:20:56 Notice: Notice (1024): Please change the value of 'Security.cipherSeed' in app/config/core.php to a numeric (digits only) seed value specific to your application in [/home/leo/domains/supportic.us/cake/libs/debugger.php, line 698]
2011-10-16 01:21:33 Notice: Notice (1024): Please change the value of 'Security.salt' in app/config/core.php to a salt value specific to your application in [/home/leo/domains/supportic.us/cake/libs/debugger.php, line 694]
2011-10-16 01:21:33 Notice: Notice (1024): Please change the value of 'Security.cipherSeed' in app/config/core.php to a numeric (digits only) seed value specific to your application in [/home/leo/domains/supportic.us/cake/libs/debugger.php, line 698]
2011-10-20 14:40:42 Notice: Notice (1024): Schema generation error: invalid column type enum('KB','TICKET') does not exist in DBO in [/home/leo/domains/supportic.us/cake/libs/model/cake_schema.php, line 606]
2011-10-20 14:40:43 Notice: Notice (1024): Schema generation error: invalid column type enum('Low','Medium','Important','Urgent') does not exist in DBO in [/home/leo/domains/supportic.us/cake/libs/model/cake_schema.php, line 606]
2011-10-20 14:40:43 Notice: Notice (1024): Schema generation error: invalid column type enum('Unresolved','Resolved','Closed') does not exist in DBO in [/home/leo/domains/supportic.us/cake/libs/model/cake_schema.php, line 606]
2011-10-20 19:08:16 Notice: Notice (1024): Schema generation error: invalid column type enum('KB','TICKET') does not exist in DBO in [/home/leo/domains/supportic.us/cake/libs/model/cake_schema.php, line 606]
2011-10-20 19:08:16 Notice: Notice (1024): Schema generation error: invalid column type enum('Low','Medium','Important','Urgent') does not exist in DBO in [/home/leo/domains/supportic.us/cake/libs/model/cake_schema.php, line 606]
2011-10-20 19:08:16 Notice: Notice (1024): Schema generation error: invalid column type enum('Unresolved','Resolved','Closed') does not exist in DBO in [/home/leo/domains/supportic.us/cake/libs/model/cake_schema.php, line 606]
